


ARM Macro Assembler    Page 1 


    1 00000000                 AREA             |.text|, CODE, READONLY
    2 00000000         
    3 00000000         array_search_asm
                               PROC                         ; –ù–∞—á–∞–ª–æ —Ñ—É
                                                            –Ω–∫—Ü–∏–∏ array_se
                                                            arch_asm
    4 00000000                 EXPORT           array_search_asm
    5 00000000         ; –§—É–Ω–∫—Ü–∏—è (–ø—Ä–æ—Ü–µ–¥—É—Ä–∞) —Ä–µ–∞–ª–∏–∑—É–µ—Ç
                        –Ω–∞—Ö–æ–∂–¥–µ–Ω–∏–µ –ø–µ—Ä–≤–æ–≥–æ —á–∏—Å–ª–∞ 22 –≤ –∏
                       —Å—Ö–æ–¥–Ω–æ–º –º–∞—Å—Å–∏–≤–µ
    6 00000000         ; –§—É–Ω–∫—Ü–∏—è –ø—Ä–∏–Ω–∏–º–∞–µ—Ç —É–∫–∞–∑–∞—Ç–µ–ª—å –
                       Ω–∞ –º–∞—Å—Å–∏–≤ —á–µ—Ä–µ–∑ —Ä–µ–≥–∏—Å—Ç—Ä R0
    7 00000000         ; –†–µ–∑—É–ª—å—Ç–∞—Ç —Ä–∞–±–æ—Ç—ã —Ñ—É–Ω–∫—Ü–∏–∏ –≤–æ–∑–
                       ≤—Ä–∞—â–∞–µ—Ç—Å—è —á–µ—Ä–µ–∑ —Ä–µ–≥–∏—Å—Ç—Ä R0
    8 00000000         ; R0 = *array
    9 00000000         ; R1 = size(array)
   10 00000000         ; return R0= –Ω–æ–º–µ—Ä —ç–ª. –ø–æ—Å–ª–µ 22
   11 00000000 F04F 0200       mov              R2,#0       ; i=0 –¥–ª—è —Å—á–µ
                                                            —Ç—á–∏–∫–∞ –∫–æ–Ω—Ü
                                                            –∞ –≤—Ö–æ–¥–Ω–æ–≥–æ
                                                             –º–∞—Å—Å–∏–≤–∞
   12 00000004 F04F 0316       mov              R3,#22      ; s=22
   13 00000008 4604            mov              R4,R0       ; –≤ R4 –±—É–¥–µ–º 
                                                            —Ö—Ä–∞–Ω–∏—Ç—å –∞–¥
                                                            —Ä–µ—Å –æ—á–µ—Ä–µ–¥
                                                            –Ω–æ–≥–æ —ç–ª–ª–µ–º
                                                            –µ–Ω—Ç–∞ –º–∞—Å—Å–∏
                                                            –≤–∞
   14 0000000A         search
   15 0000000A 2A28            cmp              R2,#40      ;—Å–µ—Å—Ç—á–∏–∫ –∫–
                                                            æ–Ω—Ü–∞ —á–∏—Å–µ–ª
   16 0000000C DA05            bge              deadsearch  ;–ø–µ—Ä–µ—Ö–æ–¥ –≤ 
                                                            deadsearch –µ—Å–ª–∏
                                                             –≤—Ö–æ–¥–Ω–æ–π –º–
                                                            ∞—Å—Å–∏–≤ –∑–∞–∫–æ–
                                                            Ω—á–∏–ª—Å—è
   17 0000000E         
   18 0000000E 5CA5            ldrb             R5,[R4,R2]  ; —á—Ç–µ–Ω–∏–µ –±–∞
                                                            –π—Ç–∞ –∏–∑ –ø–∞–º—
                                                            è—Ç–∏ (—á—Ç–µ–Ω–∏–µ
                                                             –æ—á–µ—Ä–µ–¥–Ω–æ–≥
                                                            –æ —ç–ª–µ–º–µ–Ω—Ç–∞
                                                             –º–∞—Å—Å–∏–≤–∞)
   19 00000010         
   20 00000010 F102 0204       add              R2,#4       ;+1 –∫ —Å—á–µ—Ç—á–∏
                                                            –∫—É –æ–ø—Ä–µ–¥–µ–ª
                                                            —è—é—â–µ–º—É –∫–æ–Ω
                                                            –µ—Ü –≤—Ö–æ–¥–Ω–æ–≥
                                                            –æ –º–∞—Å—Å–∏–≤–∞
   21 00000014         
   22 00000014 429D            cmp              R5, R3      ; —Å—Ä–∞–≤–Ω–µ–Ω–∏–
                                                            µ –æ—á–µ—Ä–µ–¥–Ω–æ–
                                                            ≥–æ —ç–ª–µ–º–µ–Ω—Ç–
                                                            ∞ –º–∞—Å—Å–∏–≤–∞ —Å
                                                             22        
   23 00000016 D000            beq              deadsearch  ; –ø–µ—Ä–µ—Ö–æ–¥ –≤
                                                             deadsearch –µ—Å–ª–
                                                            ∏ —É—Å–ª–æ–≤–∏–µ –≤
                                                            —ã–ø–æ–ª–Ω–∏–ª–æ—Å—



ARM Macro Assembler    Page 2 


                                                            å
   24 00000018         
   25 00000018 E7F7            b                search      ;–ø–æ–≤—Ç–æ—Ä –º–µ—
                                                            Ç–∫–∏ search
   26 0000001A         
   27 0000001A         deadsearch
   28 0000001A 4610            mov              R0,R2       ;–∑–∞–ø–∏—Å—å –±–∞–
                                                            π—Ç–æ–≤–æ–≥–æ —Å–º–
                                                            µ—â–µ–Ω–∏—è —á–∏—Å–
                                                            ª–∞ 22 –æ—Ç–Ω–æ—Å–∏
                                                            —Ç–µ–ª—å–Ω–æ –ø–µ—Ä
                                                            –≤–æ–≥–æ —ç–ª. –≤—Ö
                                                             –º–∞—Å—Å–∏–≤–∞ 
   29 0000001C 4770            BX               LR
   30 0000001E                 ENDP                         ; –ö–æ–Ω–µ—Ü —Ñ—É–Ω
                                                            –∫—Ü–∏–∏ array_sear
                                                            ch_asm
   31 0000001E         
   32 0000001E         
   33 0000001E         
   34 0000001E         array_write_asm
                               PROC
   35 0000001E         ;—Ñ—É–Ω–∫—Ü–∏—è —Ä–µ–∞–ª–∏–∑—É–µ—Ç –∑–∞–ø–∏—Å—å –≤ –Ω–æ–
                       ≤—ã–π –º–∞—Å—Å–∏–≤ —á–∏—Å–µ–ª, –∫–æ—Ç–æ—Ä—ã–µ —Å—Ç–æ—è—Ç
                        –ø–æ—Å–ª–µ 22 –≤ –ø–µ—Ä–≤–æ–º –º–∞—Å—Å–∏–≤–µ, –ø–æ—Å–ª–
                       µ –Ω–∞—Ö–æ–∂–¥–Ω–µ–∏—è 22
   36 0000001E         ; –§—É–Ω–∫—Ü–∏—è –ø—Ä–∏–Ω–∏–º–∞–µ—Ç —É–∫–∞–∑–∞—Ç–µ–ª—å –
                       Ω–∞ –º–∞—Å—Å–∏–≤ —á–µ—Ä–µ–∑ —Ä–µ–≥–∏—Å—Ç—Ä R0
   37 0000001E         ; R0 = *array
   38 0000001E         ; R1 = size(array)
   39 0000001E         ; R2 = *new_array
   40 0000001E                 EXPORT           array_write_asm
   41 0000001E B507            PUSH             {R0-R2, LR}
   42 00000020 F7FF FFFE       BL               array_search_asm
   43 00000024 4614            MOV              R4, R2
   44 00000026 E8BD 4007       POP              {R0-R2, LR}
   45 0000002A         
   46 0000002A         write                                ;–Ω–æ–≤—ã–π —Ü–∏–∫–
                                                            ª, –∫–æ—Ç–æ—Ä—ã–π –
                                                            ø—Ä–æ–∏–∑–≤–æ–¥–∏—Ç
                                                             –∑–∞–ø–∏—Å—å —ç–ª–
                                                            µ–º–µ–Ω—Ç–æ–≤, —Å—Ç
                                                            –æ—è—â–∏—Ö –ø–æ—Å–ª
                                                            –µ 22 –≤ –Ω–æ–≤—ã–π
                                                             –º–∞—Å—Å–∏–≤
   47 0000002A         
   48 0000002A 2C28            cmp              R4,#40      ;—Å—Ä–∞–≤–Ω–µ–Ω–∏–µ
                                                            , –ø—Ä–æ–≤–µ—Ä–∫–∞ 
                                                            –ø–æ—Å–ª–µ–¥–Ω–∏–π-
                                                            –ª–∏ —ç—Ç–æ –±—ã–ª 
                                                            —ç–ª–µ–º–µ–Ω—Ç –º–∞
                                                            —Å—Å–∏–≤–∞
   49 0000002C DA06            bge              deadwrite   ; –ø–µ—Ä–µ—Ö–æ–¥ –≤
                                                             deadwrite –µ—Å–ª–∏
                                                             —É—Å–ª–æ–≤–∏–µ –≤—
                                                            ã–ø–æ–ª–Ω–∏–ª–æ—Å—å
                                                            
   50 0000002E         
   51 0000002E 5D05            ldrb             R5,[R0,R4]  ; —á—Ç–µ–Ω–∏–µ –±–∞



ARM Macro Assembler    Page 3 


                                                            –π—Ç–∞ –∏–∑ –ø–∞–º—
                                                            è—Ç–∏ (—á—Ç–µ–Ω–∏–µ
                                                             –æ—á–µ—Ä–µ–¥–Ω–æ–≥
                                                            –æ —ç–ª–µ–º–µ–Ω—Ç–∞
                                                             –º–∞—Å—Å–∏–≤–∞)
   52 00000030 7015            strb             R5,[R2]     ;–∑–∞–ø–∏—Å—å –≤ –Ω
                                                            –æ–≤—ã–π –º–∞—Å—Å–∏
                                                            –≤
   53 00000032         
   54 00000032 F102 0204       add              R2,#4       ;+1 –∫ –Ω–æ–º–µ—Ä—É
                                                             –∑–∞–ø–∏—Å–∏ –≤—ã—
                                                            Ö–æ–ª–¥–Ω–æ–≥–æ –º–
                                                            ∞—Å—Å–∏–≤–∞
   55 00000036 F104 0404       add              R4,#4       ;+1 –∫ —Å—á–µ—Ç—á–∏
                                                            –∫—É –æ–ø—Ä–µ–¥–µ–ª
                                                            —è—é—â–µ–º—É –∫–æ–Ω
                                                            –µ—Ü –≤—Ö–æ–¥–Ω–æ–≥
                                                            –æ –º–∞—Å—Å–∏–≤–∞
   56 0000003A E7F6            b                write
   57 0000003C         
   58 0000003C         deadwrite
   59 0000003C                 ENDP
   60 0000003C         
   61 0000003C                 END
Command Line: --debug --xref --diag_suppress=9931 --cpu=Cortex-M3 --apcs=interw
ork --depend=.\objects\main_1.d -o.\objects\main_1.o -IC:\Users\Admin\AppData\L
ocal\Arm\Packs\Keil\STM32F1xx_DFP\2.3.0\Device\Include --predefine="__EVAL SETA
 1" --predefine="__UVISION_VERSION SETA 535" --predefine="STM32F10X_MD SETA 1" 
--list=.\listings\main_1.lst main_1.s



ARM Macro Assembler    Page 1 Alphabetic symbol ordering
Relocatable symbols

.text 00000000

Symbol: .text
   Definitions
      At line 1 in file main_1.s
   Uses
      None
Comment: .text unused
array_search_asm 00000000

Symbol: array_search_asm
   Definitions
      At line 3 in file main_1.s
   Uses
      At line 4 in file main_1.s
      At line 42 in file main_1.s

array_write_asm 0000001E

Symbol: array_write_asm
   Definitions
      At line 34 in file main_1.s
   Uses
      At line 40 in file main_1.s
Comment: array_write_asm used once
deadsearch 0000001A

Symbol: deadsearch
   Definitions
      At line 27 in file main_1.s
   Uses
      At line 16 in file main_1.s
      At line 23 in file main_1.s

deadwrite 0000003C

Symbol: deadwrite
   Definitions
      At line 58 in file main_1.s
   Uses
      At line 49 in file main_1.s
Comment: deadwrite used once
search 0000000A

Symbol: search
   Definitions
      At line 14 in file main_1.s
   Uses
      At line 25 in file main_1.s
Comment: search used once
write 0000002A

Symbol: write
   Definitions
      At line 46 in file main_1.s
   Uses
      At line 56 in file main_1.s
Comment: write used once
7 symbols



ARM Macro Assembler    Page 2 Alphabetic symbol ordering
Relocatable symbols

340 symbols in table
